<?xml version="1.0" encoding="UTF-8"?>
<!-- Generated by org.testng.reporters.JUnitReportReporter -->
<testsuite hostname="Rayhans-MacBook-Air.local" failures="0" tests="1" name="com.Ebay.tests.EbayAdvanchedSearch_Regression" time="5.916" errors="0" timestamp="2023-06-25T04:17:51 EDT" skipped="0">
  <testcase classname="com.Ebay.tests.EbayAdvanchedSearch_Regression" name="ebayAdvancedCetegorySearch" time="5.916"/>
</testsuite> <!-- com.Ebay.tests.EbayAdvanchedSearch_Regression -->
