<?xml version="1.0" encoding="UTF-8"?>
<!-- Generated by org.testng.reporters.JUnitReportReporter -->
<testsuite hostname="Rayhans-MacBook-Air.local" failures="0" tests="4" name="com.Ebay.tests.EbayAdvanchedSearch_Regression" time="82.881" errors="0" timestamp="2023-06-26T04:07:10 EDT" skipped="0">
  <testcase classname="com.Ebay.tests.EbayAdvanchedSearch_Regression" name="restAdvancedSearch" time="44.452"/>
  <testcase classname="com.Ebay.tests.EbayAdvanchedSearch_Regression" name="ebayAdvancedCetegorySearch" time="6.234"/>
  <testcase classname="com.Ebay.tests.EbayAdvanchedSearch_Regression" name="ebayAdvancedCetegorySearch" time="5.223"/>
  <testcase classname="com.Ebay.tests.EbayAdvanchedSearch_Regression" name="restAdvancedSearch" time="26.972"/>
</testsuite> <!-- com.Ebay.tests.EbayAdvanchedSearch_Regression -->
