<?xml version="1.0" encoding="UTF-8"?>
<!-- Generated by org.testng.reporters.JUnitReportReporter -->
<testsuite hostname="rayhan" failures="0" tests="1" name="com.Ebay.tests.Ebay_Home_Sanity" time="5.539" errors="0" timestamp="2023-06-24T03:00:56 EDT" skipped="0">
  <testcase classname="com.Ebay.tests.Ebay_Home_Sanity" name="searchField" time="5.539"/>
</testsuite> <!-- com.Ebay.tests.Ebay_Home_Sanity -->
